<?xml version="1.0" encoding="UTF-8"?>
<!-- Generated by org.testng.reporters.JUnitReportReporter -->
<testsuite hostname="LAPTOP-2DHTLVVT" failures="0" tests="1" name="sampleTest.Demo2Test" time="0.003" errors="0" timestamp="2024-03-01T17:48:49 IST" skipped="0">
  <testcase classname="sampleTest.Demo2Test" name="test1" time="0.003"/>
</testsuite> <!-- sampleTest.Demo2Test -->
