<?xml version="1.0" encoding="UTF-8"?>
<!-- Generated by org.testng.reporters.JUnitReportReporter -->
<testsuite hostname="LAPTOP-2DHTLVVT" failures="0" tests="1" name="sampleTest.Demo1Test" time="0.015" errors="0" timestamp="2024-03-01T17:48:49 IST" skipped="0">
  <testcase classname="sampleTest.Demo1Test" name="test1" time="0.015"/>
</testsuite> <!-- sampleTest.Demo1Test -->
